<?xml version="1.0" encoding="UTF-8"?>
<!-- Generated by org.testng.reporters.JUnitReportReporter -->
<testsuite skipped="0" hostname="MOHANKUMAR-PC" name="testRunner.Runner" tests="1" failures="0" timestamp="24 Aug 2020 19:43:10 GMT" time="57.507" errors="0">
  <testcase name="feature" time="57.507" classname="testRunner.Runner"/>
</testsuite> <!-- testRunner.Runner -->
